<?xml version="1.0" encoding="UTF-8"?>
<!-- Generated by org.testng.reporters.JUnitReportReporter -->
<testsuite hostname="Garima" failures="0" tests="4" name="api.test.UserTests" time="7.455" errors="0" timestamp="2023-07-27T17:55:24 IST" skipped="0">
  <testcase classname="api.test.UserTests" name="testPostUser" time="2.633"/>
  <system-out/>
  <testcase classname="api.test.UserTests" name="TesrGtUserbyUsername" time="1.149"/>
  <system-out/>
  <testcase classname="api.test.UserTests" name="testUpdateUser" time="2.551"/>
  <system-out/>
  <testcase classname="api.test.UserTests" name="testDeleteUserByName" time="1.122"/>
  <system-out/>
</testsuite> <!-- api.test.UserTests -->
