<?xml version="1.0" encoding="UTF-8"?>
<!-- Generated by org.testng.reporters.JUnitReportReporter -->
<testsuite hostname="Garima" failures="0" tests="4" name="api.test.UserTests2" time="8.104" errors="0" timestamp="2023-07-27T21:23:56 IST" skipped="0">
  <testcase classname="api.test.UserTests2" name="testPostUser" time="3.124"/>
  <system-out/>
  <testcase classname="api.test.UserTests2" name="TesrGtUserbyUsername" time="1.396"/>
  <system-out/>
  <testcase classname="api.test.UserTests2" name="testUpdateUser" time="2.474"/>
  <system-out/>
  <testcase classname="api.test.UserTests2" name="testDeleteUserByName" time="1.110"/>
  <system-out/>
</testsuite> <!-- api.test.UserTests2 -->
